<?xml version="1.0" encoding="UTF-8"?>
<!-- Generated by org.testng.reporters.JUnitReportReporter -->
<testsuite hostname="BhawnaMalik" failures="0" tests="1" name="com.nagarro.nagpsession.TestNGAnnotation$TestNGAnnotation1" time="0.005" errors="0" timestamp="18 Apr 2021 14:34:53 GMT" skipped="0">
  <testcase classname="com.nagarro.nagpsession.TestNGAnnotation$TestNGAnnotation1" name="test" time="0.005"/>
</testsuite> <!-- com.nagarro.nagpsession.TestNGAnnotation$TestNGAnnotation1 -->
