<?xml version="1.0" encoding="UTF-8"?>
<!-- Generated by org.testng.reporters.JUnitReportReporter -->
<testsuite hostname="BhawnaMalik" failures="0" tests="10" name="com.nagarro.nagptestng.TestNGGrouping" time="0.036" errors="0" timestamp="19 Apr 2021 11:55:23 GMT" skipped="1">
  <testcase classname="com.nagarro.nagptestng.TestNGGrouping" name="G1T1" time="0.012"/>
  <testcase classname="com.nagarro.nagptestng.TestNGGrouping" name="G1T3" time="0.003"/>
  <testcase classname="com.nagarro.nagptestng.TestNGGrouping" name="G3T2" time="0.003"/>
  <testcase classname="com.nagarro.nagptestng.TestNGGrouping" name="G1T2" time="0.001"/>
  <testcase classname="com.nagarro.nagptestng.TestNGGrouping" name="G2T1" time="0.003"/>
  <testcase classname="com.nagarro.nagptestng.TestNGGrouping" name="G1T3" time="0.003"/>
  <testcase classname="com.nagarro.nagptestng.TestNGGrouping" name="G3T1" time="0.006"/>
  <testcase classname="com.nagarro.nagptestng.TestNGGrouping" name="sample1" time="0.003"/>
  <testcase classname="com.nagarro.nagptestng.TestNGGrouping" name="G2T2" time="0.002"/>
  <testcase classname="com.nagarro.nagptestng.TestNGGrouping" name="sample2">
    <skipped/>
  </testcase> <!-- sample2 -->
</testsuite> <!-- com.nagarro.nagptestng.TestNGGrouping -->
