<?xml version="1.0" encoding="UTF-8"?>
<!-- Generated by org.testng.reporters.JUnitReportReporter -->
<testsuite hostname="BhawnaMalik" failures="0" tests="1" name="TestNGAnnotation$TestNGAnnotation1" time="0.020" errors="0" timestamp="18 Apr 2021 14:24:39 GMT" skipped="0">
  <testcase classname="TestNGAnnotation$TestNGAnnotation1" name="test" time="0.020"/>
</testsuite> <!-- TestNGAnnotation$TestNGAnnotation1 -->
