<?xml version="1.0" encoding="UTF-8"?>
<!-- Generated by org.testng.reporters.JUnitReportReporter -->
<testsuite hostname="BhawnaMalik" failures="0" tests="5" name="com.nagarro.nagpsession.TestNGPriority" time="0.029" errors="0" timestamp="18 Apr 2021 14:34:53 GMT" skipped="0">
  <testcase classname="com.nagarro.nagpsession.TestNGPriority" name="testminus2" time="0.010"/>
  <testcase classname="com.nagarro.nagpsession.TestNGPriority" name="testminus1" time="0.007"/>
  <testcase classname="com.nagarro.nagpsession.TestNGPriority" name="test" time="0.006"/>
  <testcase classname="com.nagarro.nagpsession.TestNGPriority" name="testpriority1" time="0.002"/>
  <testcase classname="com.nagarro.nagpsession.TestNGPriority" name="testpriority2" time="0.004"/>
</testsuite> <!-- com.nagarro.nagpsession.TestNGPriority -->
