<?xml version="1.0" encoding="UTF-8"?>
<!-- Generated by org.testng.reporters.JUnitReportReporter -->
<testsuite hostname="BhawnaMalik" failures="0" tests="3" name="com.nagarro.nagptestng.TestNGDataProvider" time="9.505" errors="0" timestamp="19 Apr 2021 08:01:22 GMT" skipped="0">
  <testcase classname="com.nagarro.nagptestng.TestNGDataProvider" name="testMethod" time="3.141"/>
  <testcase classname="com.nagarro.nagptestng.TestNGDataProvider" name="testMethod" time="3.133"/>
  <testcase classname="com.nagarro.nagptestng.TestNGDataProvider" name="testMethod" time="3.231"/>
</testsuite> <!-- com.nagarro.nagptestng.TestNGDataProvider -->
