<?xml version="1.0" encoding="UTF-8"?>
<!-- Generated by org.testng.reporters.JUnitReportReporter -->
<testsuite hostname="BhawnaMalik" failures="0" tests="5" name="TestNGPriority" time="0.028" errors="0" timestamp="18 Apr 2021 14:28:33 GMT" skipped="0">
  <testcase classname="TestNGPriority" name="testminus2" time="0.014"/>
  <testcase classname="TestNGPriority" name="testminus1" time="0.004"/>
  <testcase classname="TestNGPriority" name="test" time="0.004"/>
  <testcase classname="TestNGPriority" name="testpriority1" time="0.003"/>
  <testcase classname="TestNGPriority" name="testpriority" time="0.003"/>
</testsuite> <!-- TestNGPriority -->
