<?xml version="1.0" encoding="UTF-8"?>
<!-- Generated by org.testng.reporters.JUnitReportReporter -->
<testsuite hostname="BhawnaMalik" failures="0" tests="2" name="TestNGAnnotation" time="0.013" errors="0" timestamp="18 Apr 2021 14:24:39 GMT" skipped="0">
  <testcase classname="TestNGAnnotation" name="test2" time="0.007"/>
  <testcase classname="TestNGAnnotation" name="test1" time="0.006"/>
</testsuite> <!-- TestNGAnnotation -->
