<?xml version="1.0" encoding="UTF-8"?>
<!-- Generated by org.testng.reporters.JUnitReportReporter -->
<testsuite hostname="BhawnaMalik" failures="0" tests="2" name="com.nagarro.nagpsession.Sample" time="37.033" errors="0" timestamp="19 Apr 2021 10:37:17 GMT" skipped="0">
  <testcase classname="com.nagarro.nagpsession.Sample" name="loginTest" time="21.195"/>
  <testcase classname="com.nagarro.nagpsession.Sample" name="verifyParameter" time="15.838"/>
</testsuite> <!-- com.nagarro.nagpsession.Sample -->
