<?xml version="1.0" encoding="UTF-8"?>
<!-- Generated by org.testng.reporters.JUnitReportReporter -->
<testsuite hostname="BhawnaMalik" failures="0" tests="2" name="com.nagarro.nagpsession.TestNGAnnotation" time="0.016" errors="0" timestamp="18 Apr 2021 14:34:53 GMT" skipped="0">
  <testcase classname="com.nagarro.nagpsession.TestNGAnnotation" name="test2" time="0.008"/>
  <testcase classname="com.nagarro.nagpsession.TestNGAnnotation" name="test1" time="0.008"/>
</testsuite> <!-- com.nagarro.nagpsession.TestNGAnnotation -->
