<?xml version="1.0" encoding="UTF-8"?>
<!-- Generated by org.testng.reporters.JUnitReportReporter -->
<testsuite hostname="BhawnaMalik" failures="0" tests="4" name="com.nagarro.nagptestng.TestNGPriority" time="0.015" errors="0" timestamp="19 Apr 2021 10:37:17 GMT" skipped="1">
  <testcase classname="com.nagarro.nagptestng.TestNGPriority" name="testminus1" time="0.008"/>
  <testcase classname="com.nagarro.nagptestng.TestNGPriority" name="test" time="0.004"/>
  <testcase classname="com.nagarro.nagptestng.TestNGPriority" name="testpriority2" time="0.003"/>
  <testcase classname="com.nagarro.nagptestng.TestNGPriority" name="skipTest">
    <skipped/>
  </testcase> <!-- skipTest -->
</testsuite> <!-- com.nagarro.nagptestng.TestNGPriority -->
