<?xml version="1.0" encoding="UTF-8"?>
<!-- Generated by org.testng.reporters.JUnitReportReporter -->
<testsuite hostname="BhawnaMalik" failures="0" tests="1" name="com.nagarro.nagptestng.TestNGAnnotation$TestNGAnnotation1" time="0.003" errors="0" timestamp="19 Apr 2021 02:20:43 GMT" skipped="0">
  <testcase classname="com.nagarro.nagptestng.TestNGAnnotation$TestNGAnnotation1" name="test" time="0.003"/>
</testsuite> <!-- com.nagarro.nagptestng.TestNGAnnotation$TestNGAnnotation1 -->
