<?xml version="1.0" encoding="UTF-8"?>
<!-- Generated by org.testng.reporters.JUnitReportReporter -->
<testsuite hostname="BhawnaMalik" failures="0" tests="2" name="TestNGParameterization" time="0.016" errors="0" timestamp="15 Apr 2021 15:53:54 GMT">
  <testcase classname="TestNGParameterization" name="test1" time="0.011"/>
  <testcase classname="TestNGParameterization" name="test2" time="0.005"/>
</testsuite> <!-- TestNGParameterization -->
