<?xml version="1.0" encoding="UTF-8"?>
<!-- Generated by org.testng.reporters.JUnitReportReporter -->
<testsuite hostname="BhawnaMalik" failures="0" tests="2" name="com.nagarro.nagptestng.TestNGAnnotation" time="0.004" errors="0" timestamp="19 Apr 2021 02:20:43 GMT" skipped="0">
  <testcase classname="com.nagarro.nagptestng.TestNGAnnotation" name="test1" time="0.002"/>
  <testcase classname="com.nagarro.nagptestng.TestNGAnnotation" name="test2" time="0.002"/>
</testsuite> <!-- com.nagarro.nagptestng.TestNGAnnotation -->
