<?xml version="1.0" encoding="UTF-8"?>
<!-- Generated by org.testng.reporters.JUnitReportReporter -->
<testsuite hostname="BhawnaMalik" failures="0" tests="3" name="session.Sample" time="6.817" errors="0" timestamp="16 Apr 2021 10:50:22 GMT" skipped="0">
  <testcase classname="session.Sample" name="loginTest" time="6.799"/>
  <testcase classname="session.Sample" name="verifyParameter" time="0.003"/>
  <testcase classname="session.Sample" name="loginTestSoftAsset" time="0.015"/>
</testsuite> <!-- session.Sample -->
