<?xml version="1.0" encoding="UTF-8"?>
<!-- Generated by org.testng.reporters.JUnitReportReporter -->
<testsuite hostname="BhawnaMalik" failures="0" tests="1" name="login" time="21.359" errors="0" timestamp="9 Apr 2021 06:06:44 GMT">
  <testcase classname="login" name="seleniumTest" time="21.359"/>
</testsuite> <!-- login -->
